\BOOKMARK [0][-]{chapter.1}{Introduction}{}% 1
\BOOKMARK [1][-]{section.1.1}{Project Assignment}{chapter.1}% 2
\BOOKMARK [1][-]{section.1.2}{Overview}{chapter.1}% 3
\BOOKMARK [1][-]{section.1.3}{Static Analysis}{chapter.1}% 4
\BOOKMARK [1][-]{section.1.4}{LLVM-Clang Compiler}{chapter.1}% 5
\BOOKMARK [0][-]{chapter.2}{Clang Analysis}{}% 6
\BOOKMARK [1][-]{section.2.1}{Introduction}{chapter.2}% 7
\BOOKMARK [1][-]{section.2.2}{Analysis Methodology}{chapter.2}% 8
\BOOKMARK [1][-]{section.2.3}{Understand}{chapter.2}% 9
\BOOKMARK [2][-]{subsection.2.3.1}{Understand Project}{section.2.3}% 10
\BOOKMARK [2][-]{subsection.2.3.2}{Understand Output Format}{section.2.3}% 11
\BOOKMARK [2][-]{subsection.2.3.3}{Understand Results}{section.2.3}% 12
\BOOKMARK [2][-]{subsection.2.3.4}{Reports Summary}{section.2.3}% 13
\BOOKMARK [2][-]{subsection.2.3.5}{Understand Performances}{section.2.3}% 14
\BOOKMARK [1][-]{section.2.4}{Cppcheck Analysis}{chapter.2}% 15
\BOOKMARK [2][-]{subsection.2.4.1}{Cppcheck Results}{section.2.4}% 16
\BOOKMARK [2][-]{subsection.2.4.2}{Cppcheck Performance \046 Comparison with Understand}{section.2.4}% 17
\BOOKMARK [1][-]{section.2.5}{Flawfinder Analysis}{chapter.2}% 18
\BOOKMARK [2][-]{subsection.2.5.1}{Flawfinder Results}{section.2.5}% 19
\BOOKMARK [1][-]{section.2.6}{SonarQube \046 CERT Rosecheckers}{chapter.2}% 20
\BOOKMARK [2][-]{subsection.2.6.1}{SonarQube}{section.2.6}% 21
\BOOKMARK [2][-]{subsection.2.6.2}{CERT Rosechecker}{section.2.6}% 22
