This is pdfTeX, Version 3.14159265-2.6-1.40.18 (TeX Live 2017/Debian) (preloaded format=pdflatex 2018.1.25)  13 FEB 2018 12:38
entering extended mode
 restricted \write18 enabled.
 %&-line parsing enabled.
**bibliografia.tex
(./bibliografia.tex
LaTeX2e <2017-04-15>
Babel <3.12> and hyphenation patterns for 84 language(s) loaded.

! LaTeX Error: Environment thebibliography undefined.

See the LaTeX manual or LaTeX Companion for explanation.
Type  H <return>  for immediate help.
 ...                                              
                                                  
l.1 \begin{thebibliography}
                           {99}
Your command was ignored.
Type  I <command> <return>  to replace it with another command,
or  <return>  to continue without it.


! LaTeX Error: Missing \begin{document}.

See the LaTeX manual or LaTeX Companion for explanation.
Type  H <return>  for immediate help.
 ...                                              
                                                  
l.1 \begin{thebibliography}{9
                             9}
You're in trouble here.  Try typing  <return>  to proceed.
If that doesn't work, type  X <return>  to quit.

Missing character: There is no 9 in font nullfont!
Missing character: There is no 9 in font nullfont!

Overfull \hbox (20.0pt too wide) in paragraph at lines 1--2
[] 
 []


! LaTeX Error: Lonely \item--perhaps a missing list environment.

See the LaTeX manual or LaTeX Companion for explanation.
Type  H <return>  for immediate help.
 ...                                              
                                                  
l.3 \bibitem{etichetta1}
                        {MDSec - \emph{Practical Attacks against Encrypted V...

Try typing  <return>  to proceed.
If that doesn't work, type  X <return>  to quit.

! Undefined control sequence.
<argument> \@listctr 
                     
l.3 \bibitem{etichetta1}
                        {MDSec - \emph{Practical Attacks against Encrypted V...
The control sequence at the end of the top line
of your error message was never \def'ed. If you have
misspelled it (e.g., `\hobx'), type `I' and the correct
spelling (e.g., `I\hbox'). Otherwise just continue,
and I'll forget about whatever was undefined.

! You can't use `\relax' after \the.
<recently read> \c@ 
                    
l.3 \bibitem{etichetta1}
                        {MDSec - \emph{Practical Attacks against Encrypted V...
I'm forgetting what you said and using zero instead.

\bibcite{etichetta1}{0}
Missing character: There is no M in font nullfont!
Missing character: There is no D in font nullfont!
Missing character: There is no S in font nullfont!
Missing character: There is no e in font nullfont!
Missing character: There is no c in font nullfont!
Missing character: There is no - in font nullfont!

Overfull \hbox (23.77759pt too wide) in paragraph at lines 3--4
\OT1/cmr/m/it/10 Prac-
 []


Overfull \hbox (9.96658pt too wide) in paragraph at lines 3--4
\OT1/cmr/m/it/10 ti-
 []


Overfull \hbox (11.75546pt too wide) in paragraph at lines 3--4
\OT1/cmr/m/it/10 cal
 []


Overfull \hbox (14.07765pt too wide) in paragraph at lines 3--4
\OT1/cmr/m/it/10 At-
 []


Overfull \hbox (21.72206pt too wide) in paragraph at lines 3--4
\OT1/cmr/m/it/10 tacks
 []


Overfull \hbox (30.92203pt too wide) in paragraph at lines 3--4
\OT1/cmr/m/it/10 against
 []


Overfull \hbox (15.98323pt too wide) in paragraph at lines 3--4
\OT1/cmr/m/it/10 En-
 []


Overfull \hbox (31.3053pt too wide) in paragraph at lines 3--4
\OT1/cmr/m/it/10 crypted
 []


Overfull \hbox (22.41653pt too wide) in paragraph at lines 3--4
\OT1/cmr/m/it/10 VoIP
 []


Overfull \hbox (24.02206pt too wide) in paragraph at lines 3--4
\OT1/cmr/m/it/10 Com-
 []


Overfull \hbox (17.12212pt too wide) in paragraph at lines 3--4
\OT1/cmr/m/it/10 mu-
 []


Overfull \hbox (12.26659pt too wide) in paragraph at lines 3--4
\OT1/cmr/m/it/10 ni-
 []


Overfull \hbox (12.77766pt too wide) in paragraph at lines 3--4
\OT1/cmr/m/it/10 ca-
 []


Overfull \hbox (22.0318pt too wide) in paragraph at lines 3--4
\OT1/cmr/m/it/10 tions 
 []


! LaTeX Error: Lonely \item--perhaps a missing list environment.

See the LaTeX manual or LaTeX Companion for explanation.
Type  H <return>  for immediate help.
 ...                                              
                                                  
l.5 \bibitem{etichetta2}
                        {Giulia Dallai - \emph{Relazione del progetto di ana...

Try typing  <return>  to proceed.
If that doesn't work, type  X <return>  to quit.

! Undefined control sequence.
<argument> \@listctr 
                     
l.5 \bibitem{etichetta2}
                        {Giulia Dallai - \emph{Relazione del progetto di ana...
The control sequence at the end of the top line
of your error message was never \def'ed. If you have
misspelled it (e.g., `\hobx'), type `I' and the correct
spelling (e.g., `I\hbox'). Otherwise just continue,
and I'll forget about whatever was undefined.

! You can't use `\relax' after \the.
<recently read> \c@ 
                    
l.5 \bibitem{etichetta2}
                        {Giulia Dallai - \emph{Relazione del progetto di ana...
I'm forgetting what you said and using zero instead.

\bibcite{etichetta2}{0}
Missing character: There is no G in font nullfont!
Missing character: There is no i in font nullfont!
Missing character: There is no u in font nullfont!
Missing character: There is no l in font nullfont!
Missing character: There is no i in font nullfont!
Missing character: There is no a in font nullfont!
Missing character: There is no D in font nullfont!
Missing character: There is no a in font nullfont!
Missing character: There is no l in font nullfont!
Missing character: There is no l in font nullfont!
Missing character: There is no a in font nullfont!
Missing character: There is no i in font nullfont!
Missing character: There is no - in font nullfont!

Overfull \hbox (14.96098pt too wide) in paragraph at lines 5--6
\OT1/cmr/m/it/10 Re-
 []


Overfull \hbox (30.15538pt too wide) in paragraph at lines 5--6
\OT1/cmr/m/it/10 lazione
 []


Overfull \hbox (12.26659pt too wide) in paragraph at lines 5--6
\OT1/cmr/m/it/10 del
 []


Overfull \hbox (17.50542pt too wide) in paragraph at lines 5--6
\OT1/cmr/m/it/10 pro-
 []


Overfull \hbox (20.95538pt too wide) in paragraph at lines 5--6
\OT1/cmr/m/it/10 getto
 []


Overfull \hbox (8.17773pt too wide) in paragraph at lines 5--6
\OT1/cmr/m/it/10 di
 []


Overfull \hbox (21.97765pt too wide) in paragraph at lines 5--6
\OT1/cmr/m/it/10 anal-
 []


Overfull \hbox (10.22217pt too wide) in paragraph at lines 5--6
\OT1/cmr/m/it/10 isi
 []


Overfull \hbox (21.08316pt too wide) in paragraph at lines 5--6
\OT1/cmr/m/it/10 sper-
 []


Overfull \hbox (6.6444pt too wide) in paragraph at lines 5--6
\OT1/cmr/m/it/10 i-
 []


Overfull \hbox (21.97763pt too wide) in paragraph at lines 5--6
\OT1/cmr/m/it/10 men-
 []


Overfull \hbox (16.34016pt too wide) in paragraph at lines 5--6
\OT1/cmr/m/it/10 tale 
 []


! LaTeX Error: \begin{document} ended by \end{thebibliography}.

See the LaTeX manual or LaTeX Companion for explanation.
Type  H <return>  for immediate help.
 ...                                              
                                                  
l.7 \end{thebibliography}
                         
Your command was ignored.
Type  I <command> <return>  to replace it with another command,
or  <return>  to continue without it.

)
! Emergency stop.
<*> bibliografia.tex
                    
*** (job aborted, no legal \end found)

 
Here is how much of TeX's memory you used:
 11 strings out of 492990
 214 string characters out of 6135005
 54792 words of memory out of 5000000
 3668 multiletter control sequences out of 15000+600000
 3986 words of font info for 15 fonts, out of 8000000 for 9000
 1141 hyphenation exceptions out of 8191
 14i,1n,10p,127b,88s stack positions out of 5000i,500n,10000p,200000b,80000s
!  ==> Fatal error occurred, no output PDF file produced!
